2025-05-18 18:25:04,507 - INFO - Extracted The Brands List For mobiles
2025-05-18 18:25:06,426 - INFO - Loaded The samsung Page (mobiles)
2025-05-18 18:32:12,227 - WARNING - Fetched Results For samsung (mobiles) : 913/913 
2025-05-18 18:32:12,356 - INFO - Fetched samsung (mobiles) Successfully
2025-05-18 18:32:14,220 - INFO - Loaded The vivo Page (mobiles)
2025-05-18 18:36:59,223 - WARNING - Fetched Results For vivo (mobiles) : 628/628 
2025-05-18 18:36:59,307 - INFO - Fetched vivo (mobiles) Successfully
2025-05-18 18:37:01,276 - INFO - Loaded The realme Page (mobiles)
2025-05-18 18:41:01,881 - WARNING - Fetched Results For realme (mobiles) : 530/530 
2025-05-18 18:41:01,958 - INFO - Fetched realme (mobiles) Successfully
2025-05-18 18:41:03,853 - INFO - Loaded The oneplus Page (mobiles)
2025-05-18 18:42:27,380 - WARNING - Fetched Results For oneplus (mobiles) : 173/173 
2025-05-18 18:42:27,410 - INFO - Fetched oneplus (mobiles) Successfully
2025-05-18 18:42:29,194 - INFO - Loaded The motorola Page (mobiles)
2025-05-18 18:45:45,840 - WARNING - Fetched Results For motorola (mobiles) : 422/422 
2025-05-18 18:45:45,901 - INFO - Fetched motorola (mobiles) Successfully
2025-05-18 18:45:47,826 - INFO - Loaded The xiaomi Page (mobiles)
2025-05-18 18:50:31,689 - WARNING - Fetched Results For xiaomi (mobiles) : 614/614 
2025-05-18 18:50:31,778 - INFO - Fetched xiaomi (mobiles) Successfully
2025-05-18 18:50:33,584 - INFO - Loaded The oppo Page (mobiles)
2025-05-18 18:54:01,915 - WARNING - Fetched Results For oppo (mobiles) : 463/463 
2025-05-18 18:54:01,987 - INFO - Fetched oppo (mobiles) Successfully
2025-05-18 18:54:03,776 - INFO - Loaded The iqoo Page (mobiles)
2025-05-18 18:55:24,991 - WARNING - Fetched Results For iqoo (mobiles) : 175/175 
2025-05-18 18:55:25,022 - INFO - Fetched iqoo (mobiles) Successfully
2025-05-18 18:55:26,770 - INFO - Loaded The poco Page (mobiles)
2025-05-18 18:56:33,538 - WARNING - Fetched Results For poco (mobiles) : 144/144 
2025-05-18 18:56:33,564 - INFO - Fetched poco (mobiles) Successfully
2025-05-18 18:56:35,384 - INFO - Loaded The infinix Page (mobiles)
2025-05-18 18:58:06,202 - WARNING - Fetched Results For infinix (mobiles) : 181/181 
2025-05-18 18:58:06,236 - INFO - Fetched infinix (mobiles) Successfully
2025-05-18 18:58:08,160 - INFO - Loaded The apple Page (mobiles)
2025-05-18 18:59:27,633 - WARNING - Fetched Results For apple (mobiles) : 173/173 
2025-05-18 18:59:27,666 - INFO - Fetched apple (mobiles) Successfully
2025-05-18 18:59:29,499 - INFO - Loaded The nothing Page (mobiles)
2025-05-18 18:59:45,433 - WARNING - Fetched Results For nothing (mobiles) : 24/24 
2025-05-18 18:59:45,446 - INFO - Fetched nothing (mobiles) Successfully
2025-05-18 18:59:47,251 - INFO - Loaded The tecno Page (mobiles)
2025-05-18 19:01:35,486 - WARNING - Fetched Results For tecno (mobiles) : 221/221 
2025-05-18 19:01:35,521 - INFO - Fetched tecno (mobiles) Successfully
2025-05-18 19:01:37,304 - INFO - Loaded The honor Page (mobiles)
2025-05-18 19:03:57,293 - WARNING - Fetched Results For honor (mobiles) : 312/312 
2025-05-18 19:03:57,338 - INFO - Fetched honor (mobiles) Successfully
2025-05-18 19:03:59,343 - INFO - Loaded The nokia Page (mobiles)
2025-05-18 19:07:11,220 - WARNING - Fetched Results For nokia (mobiles) : 406/406 
2025-05-18 19:07:11,277 - INFO - Fetched nokia (mobiles) Successfully
2025-05-18 19:07:13,254 - INFO - Loaded The google Page (mobiles)
2025-05-18 19:07:48,275 - WARNING - Fetched Results For google (mobiles) : 63/63 
2025-05-18 19:07:48,292 - INFO - Fetched google (mobiles) Successfully
2025-05-18 19:07:50,088 - INFO - Loaded The itel Page (mobiles)
2025-05-18 19:09:39,693 - WARNING - Fetched Results For itel (mobiles) : 220/220 
2025-05-18 19:09:39,728 - INFO - Fetched itel (mobiles) Successfully
2025-05-18 19:09:41,577 - INFO - Loaded The cmf Page (mobiles)
2025-05-18 19:09:48,719 - WARNING - Fetched Results For cmf (mobiles) : 6/6 
2025-05-18 19:09:48,728 - INFO - Fetched cmf (mobiles) Successfully
2025-05-18 19:09:50,485 - INFO - Loaded The lava Page (mobiles)
2025-05-18 19:13:32,499 - WARNING - Fetched Results For lava (mobiles) : 499/499 
2025-05-18 19:13:32,566 - INFO - Fetched lava (mobiles) Successfully
2025-05-18 19:13:34,517 - INFO - Loaded The sony Page (mobiles)
2025-05-18 19:14:49,667 - WARNING - Fetched Results For sony (mobiles) : 174/174 
2025-05-18 19:14:49,699 - INFO - Fetched sony (mobiles) Successfully
2025-05-18 19:14:51,438 - INFO - Loaded The huawei Page (mobiles)
2025-05-18 19:17:37,703 - WARNING - Fetched Results For huawei (mobiles) : 343/343 
2025-05-18 19:17:37,754 - INFO - Fetched huawei (mobiles) Successfully
2025-05-18 19:17:39,640 - INFO - Loaded The nubia Page (mobiles)
2025-05-18 19:18:12,977 - WARNING - Fetched Results For nubia (mobiles) : 68/68 
2025-05-18 19:18:12,993 - INFO - Fetched nubia (mobiles) Successfully
2025-05-18 19:18:14,798 - INFO - Loaded The micromax Page (mobiles)
2025-05-18 19:23:24,916 - WARNING - Fetched Results For micromax (mobiles) : 663/663 
2025-05-18 19:23:25,002 - INFO - Fetched micromax (mobiles) Successfully
2025-05-18 19:23:27,255 - INFO - Loaded The alcatel Page (mobiles)
2025-05-18 19:24:46,095 - WARNING - Fetched Results For alcatel (mobiles) : 160/160 
2025-05-18 19:24:46,121 - INFO - Fetched alcatel (mobiles) Successfully
2025-05-18 19:24:49,172 - INFO - Loaded The redmagic Page (mobiles)
2025-05-18 19:25:06,119 - WARNING - Fetched Results For redmagic (mobiles) : 31/31 
2025-05-18 19:25:06,132 - INFO - Fetched redmagic (mobiles) Successfully
2025-05-18 19:25:08,047 - INFO - Loaded The jio Page (mobiles)
2025-05-18 19:25:16,345 - WARNING - Fetched Results For jio (mobiles) : 17/17 
2025-05-18 19:25:16,356 - INFO - Fetched jio (mobiles) Successfully
2025-05-18 19:25:18,124 - INFO - Loaded The asus Page (mobiles)
2025-05-18 19:26:37,013 - WARNING - Fetched Results For asus (mobiles) : 160/160 
2025-05-18 19:26:37,041 - INFO - Fetched asus (mobiles) Successfully
2025-05-18 19:26:39,129 - INFO - Loaded The ikall Page (mobiles)
2025-05-18 19:29:20,748 - WARNING - Fetched Results For ikall (mobiles) : 347/347 
2025-05-18 19:29:20,797 - INFO - Fetched ikall (mobiles) Successfully
2025-05-18 19:29:22,997 - INFO - Loaded The htc Page (mobiles)
2025-05-18 19:30:51,314 - WARNING - Fetched Results For htc (mobiles) : 190/190 
2025-05-18 19:30:51,345 - INFO - Fetched htc (mobiles) Successfully
2025-05-18 19:30:53,021 - INFO - Loaded The hmd Page (mobiles)
2025-05-18 19:31:08,602 - WARNING - Fetched Results For hmd (mobiles) : 36/36 
2025-05-18 19:31:08,615 - INFO - Fetched hmd (mobiles) Successfully
2025-05-18 19:31:10,484 - INFO - Loaded The karbonn Page (mobiles)
2025-05-18 19:36:03,380 - WARNING - Fetched Results For karbonn (mobiles) : 638/638 
2025-05-18 19:36:03,461 - INFO - Fetched karbonn (mobiles) Successfully
2025-05-18 19:36:05,917 - INFO - Loaded The ulefone Page (mobiles)
2025-05-18 19:36:50,462 - WARNING - Fetched Results For ulefone (mobiles) : 85/85 
2025-05-18 19:36:50,480 - INFO - Fetched ulefone (mobiles) Successfully
2025-05-18 19:36:52,514 - INFO - Loaded The lenovo Page (mobiles)
2025-05-18 19:38:22,864 - WARNING - Fetched Results For lenovo (mobiles) : 198/198 
2025-05-18 19:38:22,897 - INFO - Fetched lenovo (mobiles) Successfully
2025-05-18 19:38:24,791 - INFO - Loaded The doogee Page (mobiles)
2025-05-18 19:39:08,719 - WARNING - Fetched Results For doogee (mobiles) : 87/87 
2025-05-18 19:39:08,738 - INFO - Fetched doogee (mobiles) Successfully
2025-05-18 19:39:10,461 - INFO - Loaded The lg Page (mobiles)
2025-05-18 19:41:34,720 - WARNING - Fetched Results For lg (mobiles) : 306/306 
2025-05-18 19:41:34,764 - INFO - Fetched lg (mobiles) Successfully
2025-05-18 19:41:36,949 - INFO - Loaded The acer Page (mobiles)
2025-05-18 19:42:03,029 - WARNING - Fetched Results For acer (mobiles) : 47/47 
2025-05-18 19:42:03,043 - INFO - Fetched acer (mobiles) Successfully
2025-05-18 19:42:04,759 - INFO - Loaded The meizu Page (mobiles)
2025-05-18 19:42:51,657 - WARNING - Fetched Results For meizu (mobiles) : 92/92 
2025-05-18 19:42:51,676 - INFO - Fetched meizu (mobiles) Successfully
2025-05-18 19:42:53,948 - INFO - Loaded The intex Page (mobiles)
2025-05-18 19:47:27,684 - WARNING - Fetched Results For intex (mobiles) : 608/608 
2025-05-18 19:47:27,769 - INFO - Fetched intex (mobiles) Successfully
2025-05-18 19:47:29,626 - INFO - Loaded The gfive Page (mobiles)
2025-05-18 19:48:30,943 - WARNING - Fetched Results For gfive (mobiles) : 134/134 
2025-05-18 19:48:30,966 - INFO - Fetched gfive (mobiles) Successfully
2025-05-18 19:48:32,789 - INFO - Loaded The jmax Page (mobiles)
2025-05-18 19:49:17,488 - WARNING - Fetched Results For jmax (mobiles) : 97/97 
2025-05-18 19:49:17,507 - INFO - Fetched jmax (mobiles) Successfully
2025-05-18 19:49:19,291 - INFO - Loaded The light Page (mobiles)
2025-05-18 19:49:27,110 - WARNING - Fetched Results For light (mobiles) : 2/2 
2025-05-18 19:49:27,117 - INFO - Fetched light (mobiles) Successfully
2025-05-18 19:49:28,826 - INFO - Loaded The snexian Page (mobiles)
2025-05-18 19:50:47,668 - WARNING - Fetched Results For snexian (mobiles) : 165/165 
2025-05-18 19:50:47,696 - INFO - Fetched snexian (mobiles) Successfully
2025-05-18 19:50:49,392 - INFO - Loaded The tcl Page (mobiles)
2025-05-18 19:51:24,586 - WARNING - Fetched Results For tcl (mobiles) : 67/67 
2025-05-18 19:51:24,602 - INFO - Fetched tcl (mobiles) Successfully
2025-05-18 19:51:26,655 - INFO - Loaded The zte Page (mobiles)
2025-05-18 19:53:00,574 - WARNING - Fetched Results For zte (mobiles) : 192/192 
2025-05-18 19:53:00,604 - INFO - Fetched zte (mobiles) Successfully
2025-05-18 19:53:02,651 - INFO - Loaded The blackberry Page (mobiles)
2025-05-18 19:53:31,109 - WARNING - Fetched Results For blackberry (mobiles) : 58/58 
2025-05-18 19:53:31,124 - INFO - Fetched blackberry (mobiles) Successfully
2025-05-18 19:53:32,936 - INFO - Loaded The gionee Page (mobiles)
2025-05-18 19:54:28,075 - WARNING - Fetched Results For gionee (mobiles) : 117/117 
2025-05-18 19:54:28,097 - INFO - Fetched gionee (mobiles) Successfully
2025-05-18 19:54:30,078 - INFO - Loaded The oukitel Page (mobiles)
2025-05-18 19:55:05,639 - WARNING - Fetched Results For oukitel (mobiles) : 71/71 
2025-05-18 19:55:05,656 - INFO - Fetched oukitel (mobiles) Successfully
2025-05-18 19:55:07,361 - INFO - Loaded The blackzone Page (mobiles)
2025-05-18 19:56:32,845 - WARNING - Fetched Results For blackzone (mobiles) : 161/161 
2025-05-18 19:56:32,871 - INFO - Fetched blackzone (mobiles) Successfully
2025-05-18 19:56:34,863 - INFO - Loaded The spice Page (mobiles)
2025-05-18 19:59:24,804 - WARNING - Fetched Results For spice (mobiles) : 376/376 
2025-05-18 19:59:24,856 - INFO - Fetched spice (mobiles) Successfully
2025-05-18 19:59:26,880 - INFO - Loaded The vertu Page (mobiles)
2025-05-18 19:59:35,447 - WARNING - Fetched Results For vertu (mobiles) : 6/6 
2025-05-18 19:59:35,455 - INFO - Fetched vertu (mobiles) Successfully
2025-05-18 19:59:35,710 - INFO - Fetched mobiles Successfully
2025-05-18 19:59:37,280 - INFO - Extracted The Brands List For laptops
2025-05-18 19:59:39,199 - INFO - Loaded The hp Page (laptops)
2025-05-18 20:07:22,755 - ERROR - Failed To Fetch The hp HTML Page (laptops)
2025-05-18 20:07:22,755 - WARNING - Added hp (laptops) To Failed Cases.
2025-05-18 20:07:24,892 - INFO - Loaded The lenovo Page (laptops)
2025-05-18 20:15:20,296 - ERROR - Failed To Fetch The lenovo HTML Page (laptops)
2025-05-18 20:15:20,297 - WARNING - Added lenovo (laptops) To Failed Cases.
2025-05-18 20:15:22,242 - INFO - Loaded The asus Page (laptops)
2025-05-18 20:23:03,797 - ERROR - Failed To Fetch The asus HTML Page (laptops)
2025-05-18 20:23:03,797 - WARNING - Added asus (laptops) To Failed Cases.
2025-05-18 20:23:05,633 - INFO - Loaded The acer Page (laptops)
2025-05-18 20:30:46,947 - ERROR - Failed To Fetch The acer HTML Page (laptops)
2025-05-18 20:30:46,947 - WARNING - Added acer (laptops) To Failed Cases.
2025-05-18 20:30:49,025 - INFO - Loaded The dell Page (laptops)
2025-05-18 20:38:25,221 - ERROR - Failed To Fetch The dell HTML Page (laptops)
2025-05-18 20:38:25,221 - WARNING - Added dell (laptops) To Failed Cases.
2025-05-18 20:38:27,075 - INFO - Loaded The msi Page (laptops)
2025-05-18 20:44:01,538 - WARNING - Fetched Results For msi (laptops) : 730/730 
2025-05-18 20:44:01,642 - INFO - Fetched msi (laptops) Successfully
2025-05-18 20:44:03,549 - INFO - Loaded The apple Page (laptops)
2025-05-18 20:46:02,974 - WARNING - Fetched Results For apple (laptops) : 241/241 
2025-05-18 20:46:03,012 - INFO - Fetched apple (laptops) Successfully
2025-05-18 20:46:05,093 - INFO - Loaded The samsung Page (laptops)
2025-05-18 20:47:25,195 - WARNING - Fetched Results For samsung (laptops) : 175/175 
2025-05-18 20:47:25,225 - INFO - Fetched samsung (laptops) Successfully
2025-05-18 20:47:27,214 - INFO - Loaded The infinix Page (laptops)
2025-05-18 20:48:00,241 - WARNING - Fetched Results For infinix (laptops) : 63/63 
2025-05-18 20:48:00,259 - INFO - Fetched infinix (laptops) Successfully
2025-05-18 20:48:02,162 - INFO - Loaded The gigabyte Page (laptops)
2025-05-18 20:48:27,870 - WARNING - Fetched Results For gigabyte (laptops) : 44/44 
2025-05-18 20:48:27,883 - INFO - Fetched gigabyte (laptops) Successfully
2025-05-18 20:48:29,661 - INFO - Loaded The microsoft Page (laptops)
2025-05-18 20:49:24,795 - WARNING - Fetched Results For microsoft (laptops) : 110/110 
2025-05-18 20:49:24,817 - INFO - Fetched microsoft (laptops) Successfully
2025-05-18 20:49:26,756 - INFO - Loaded The xiaomi Page (laptops)
2025-05-18 20:50:00,014 - WARNING - Fetched Results For xiaomi (laptops) : 72/72 
2025-05-18 20:50:00,032 - INFO - Fetched xiaomi (laptops) Successfully
2025-05-18 20:50:01,698 - INFO - Loaded The sony Page (laptops)
2025-05-18 20:50:47,053 - WARNING - Fetched Results For sony (laptops) : 80/80 
2025-05-18 20:50:47,072 - INFO - Fetched sony (laptops) Successfully
2025-05-18 20:50:49,049 - INFO - Loaded The alienware Page (laptops)
2025-05-18 20:51:25,349 - WARNING - Fetched Results For alienware (laptops) : 79/79 
2025-05-18 20:51:25,366 - INFO - Fetched alienware (laptops) Successfully
2025-05-18 20:51:27,134 - INFO - Loaded The colorful Page (laptops)
2025-05-18 20:51:35,421 - WARNING - Fetched Results For colorful (laptops) : 5/5 
2025-05-18 20:51:35,429 - INFO - Fetched colorful (laptops) Successfully
2025-05-18 20:51:37,171 - INFO - Loaded The honor Page (laptops)
2025-05-18 20:51:54,167 - WARNING - Fetched Results For honor (laptops) : 34/34 
2025-05-18 20:51:54,180 - INFO - Fetched honor (laptops) Successfully
2025-05-18 20:51:55,956 - INFO - Loaded The avita Page (laptops)
2025-05-18 20:52:20,014 - WARNING - Fetched Results For avita (laptops) : 53/53 
2025-05-18 20:52:20,030 - INFO - Fetched avita (laptops) Successfully
2025-05-18 20:52:21,673 - INFO - Loaded The thomson Page (laptops)
2025-05-18 20:52:29,708 - WARNING - Fetched Results For thomson (laptops) : 8/8 
2025-05-18 20:52:29,716 - INFO - Fetched thomson (laptops) Successfully
2025-05-18 20:52:31,502 - INFO - Loaded The huawei Page (laptops)
2025-05-18 20:52:49,237 - WARNING - Fetched Results For huawei (laptops) : 34/35 
2025-05-18 20:52:49,237 - WARNING - Added huawei (laptops) To Failed Cases.
2025-05-18 20:52:51,037 - INFO - Loaded The ultimus Page (laptops)
2025-05-18 20:52:57,471 - WARNING - Fetched Results For ultimus (laptops) : 14/14 
2025-05-18 20:52:57,481 - INFO - Fetched ultimus (laptops) Successfully
2025-05-18 20:52:59,171 - INFO - Loaded The chuwi Page (laptops)
2025-05-18 20:53:14,045 - WARNING - Fetched Results For chuwi (laptops) : 22/22 
2025-05-18 20:53:14,055 - INFO - Fetched chuwi (laptops) Successfully
2025-05-18 20:53:15,664 - INFO - Loaded The motorola Page (laptops)
2025-05-18 20:53:25,572 - WARNING - Fetched Results For motorola (laptops) : 3/3 
2025-05-18 20:53:25,581 - INFO - Fetched motorola (laptops) Successfully
2025-05-18 20:53:27,269 - INFO - Loaded The hcl Page (laptops)
2025-05-18 20:53:44,941 - WARNING - Fetched Results For hcl (laptops) : 34/34 
2025-05-18 20:53:44,953 - INFO - Fetched hcl (laptops) Successfully
2025-05-18 20:53:46,707 - INFO - Loaded The razer Page (laptops)
2025-05-18 20:53:54,853 - WARNING - Fetched Results For razer (laptops) : 7/7 
2025-05-18 20:53:54,861 - INFO - Fetched razer (laptops) Successfully
2025-05-18 20:53:58,134 - INFO - Loaded The toshiba Page (laptops)
2025-05-18 20:55:29,894 - WARNING - Fetched Results For toshiba (laptops) : 190/190 
2025-05-18 20:55:29,923 - INFO - Fetched toshiba (laptops) Successfully
2025-05-18 20:55:31,841 - INFO - Loaded The lifedigital Page (laptops)
2025-05-18 20:55:40,154 - WARNING - Fetched Results For lifedigital (laptops) : 14/14 
2025-05-18 20:55:40,164 - INFO - Fetched lifedigital (laptops) Successfully
2025-05-18 20:55:41,856 - INFO - Loaded The nokia Page (laptops)
2025-05-18 20:55:51,238 - WARNING - Fetched Results For nokia (laptops) : 7/7 
2025-05-18 20:55:51,246 - INFO - Fetched nokia (laptops) Successfully
2025-05-18 20:55:52,919 - INFO - Loaded The primebook Page (laptops)
2025-05-18 20:56:01,116 - WARNING - Fetched Results For primebook (laptops) : 4/4 
2025-05-18 20:56:01,124 - INFO - Fetched primebook (laptops) Successfully
2025-05-18 20:56:02,777 - INFO - Loaded The tecno Page (laptops)
2025-05-18 20:56:09,749 - WARNING - Fetched Results For tecno (laptops) : 4/4 
2025-05-18 20:56:09,757 - INFO - Fetched tecno (laptops) Successfully
2025-05-18 20:56:11,468 - INFO - Loaded The zebronics Page (laptops)
2025-05-18 20:56:18,582 - WARNING - Fetched Results For zebronics (laptops) : 8/8 
2025-05-18 20:56:18,591 - INFO - Fetched zebronics (laptops) Successfully
2025-05-18 20:56:20,352 - INFO - Loaded The jio Page (laptops)
2025-05-18 20:56:27,467 - WARNING - Fetched Results For jio (laptops) : 4/4 
2025-05-18 20:56:27,474 - INFO - Fetched jio (laptops) Successfully
2025-05-18 20:56:29,171 - INFO - Loaded The air Page (laptops)
2025-05-18 20:56:36,971 - WARNING - Fetched Results For air (laptops) : 2/2 
2025-05-18 20:56:36,980 - INFO - Fetched air (laptops) Successfully
2025-05-18 20:56:38,719 - INFO - Loaded The redmagic Page (laptops)
2025-05-18 20:56:46,218 - WARNING - Fetched Results For redmagic (laptops) : 1/1 
2025-05-18 20:56:46,224 - INFO - Fetched redmagic (laptops) Successfully
2025-05-18 20:56:47,959 - INFO - Loaded The agb Page (laptops)
2025-05-18 20:56:54,627 - WARNING - Fetched Results For agb (laptops) : 17/17 
2025-05-18 20:56:54,637 - INFO - Fetched agb (laptops) Successfully
2025-05-18 20:56:56,379 - INFO - Loaded The axl Page (laptops)
2025-05-18 20:57:04,434 - WARNING - Fetched Results For axl (laptops) : 3/3 
2025-05-18 20:57:04,441 - INFO - Fetched axl (laptops) Successfully
2025-05-18 20:57:06,062 - INFO - Loaded The deeq Page (laptops)
2025-05-18 20:57:14,717 - WARNING - Fetched Results For deeq (laptops) : 5/5 
2025-05-18 20:57:14,725 - INFO - Fetched deeq (laptops) Successfully
2025-05-18 20:57:16,464 - INFO - Loaded The dynabook Page (laptops)
2025-05-18 20:57:24,595 - WARNING - Fetched Results For dynabook (laptops) : 4/4 
2025-05-18 20:57:24,602 - INFO - Fetched dynabook (laptops) Successfully
2025-05-18 20:57:26,376 - INFO - Loaded The fujitsu Page (laptops)
2025-05-18 20:57:50,309 - WARNING - Fetched Results For fujitsu (laptops) : 44/44 
2025-05-18 20:57:50,322 - INFO - Fetched fujitsu (laptops) Successfully
2025-05-18 20:57:51,865 - INFO - Loaded The iball Page (laptops)
2025-05-18 20:57:59,870 - WARNING - Fetched Results For iball (laptops) : 15/15 
2025-05-18 20:57:59,879 - INFO - Fetched iball (laptops) Successfully
2025-05-18 20:58:01,627 - INFO - Loaded The jumper Page (laptops)
2025-05-18 20:58:08,927 - WARNING - Fetched Results For jumper (laptops) : 14/14 
2025-05-18 20:58:08,936 - INFO - Fetched jumper (laptops) Successfully
2025-05-18 20:58:10,640 - INFO - Loaded The lg Page (laptops)
2025-05-18 20:58:37,659 - WARNING - Fetched Results For lg (laptops) : 42/42 
2025-05-18 20:58:37,672 - INFO - Fetched lg (laptops) Successfully
2025-05-18 20:58:39,409 - INFO - Loaded The micromax Page (laptops)
2025-05-18 20:58:46,841 - WARNING - Fetched Results For micromax (laptops) : 9/9 
2025-05-18 20:58:46,850 - INFO - Fetched micromax (laptops) Successfully
2025-05-18 20:58:49,354 - INFO - Loaded The ninkear Page (laptops)
2025-05-18 20:58:57,271 - WARNING - Fetched Results For ninkear (laptops) : 1/1 
2025-05-18 20:58:57,278 - INFO - Fetched ninkear (laptops) Successfully
2025-05-18 20:58:59,163 - INFO - Loaded The panasonic Page (laptops)
2025-05-18 20:59:06,790 - WARNING - Fetched Results For panasonic (laptops) : 1/1 
2025-05-18 20:59:06,797 - INFO - Fetched panasonic (laptops) Successfully
2025-05-18 20:59:08,474 - INFO - Loaded The realme Page (laptops)
2025-05-18 20:59:16,132 - WARNING - Fetched Results For realme (laptops) : 6/6 
2025-05-18 20:59:16,140 - INFO - Fetched realme (laptops) Successfully
2025-05-18 20:59:18,090 - INFO - Loaded The tcl Page (laptops)
2025-05-18 20:59:25,460 - WARNING - Fetched Results For tcl (laptops) : 1/1 
2025-05-18 20:59:25,468 - INFO - Fetched tcl (laptops) Successfully
2025-05-18 20:59:27,165 - INFO - Loaded The vaio Page (laptops)
2025-05-18 20:59:35,354 - WARNING - Fetched Results For vaio (laptops) : 7/7 
2025-05-18 20:59:35,362 - INFO - Fetched vaio (laptops) Successfully
2025-05-18 20:59:37,029 - INFO - Loaded The walker Page (laptops)
2025-05-18 20:59:43,656 - WARNING - Fetched Results For walker (laptops) : 1/1 
2025-05-18 20:59:43,663 - INFO - Fetched walker (laptops) Successfully
2025-05-18 20:59:45,553 - INFO - Loaded The binai Page (laptops)
2025-05-18 20:59:55,136 - WARNING - Fetched Results For binai (laptops) : 1/1 
2025-05-18 20:59:55,144 - INFO - Fetched binai (laptops) Successfully
2025-05-18 20:59:56,955 - INFO - Loaded The cenava Page (laptops)
2025-05-18 21:00:04,439 - WARNING - Fetched Results For cenava (laptops) : 18/18 
2025-05-18 21:00:04,449 - INFO - Fetched cenava (laptops) Successfully
2025-05-18 21:00:04,701 - INFO - Fetched laptops Successfully
2025-05-18 21:00:06,215 - INFO - Extracted The Brands List For tablets
2025-05-18 21:00:07,914 - INFO - Loaded The samsung Page (tablets)
2025-05-18 21:01:28,479 - WARNING - Fetched Results For samsung (tablets) : 164/164 
2025-05-18 21:01:28,508 - INFO - Fetched samsung (tablets) Successfully
2025-05-18 21:01:30,357 - INFO - Loaded The xiaomi Page (tablets)
2025-05-18 21:01:54,201 - WARNING - Fetched Results For xiaomi (tablets) : 41/41 
2025-05-18 21:01:54,214 - INFO - Fetched xiaomi (tablets) Successfully
2025-05-18 21:01:55,980 - INFO - Loaded The lenovo Page (tablets)
2025-05-18 21:03:35,215 - WARNING - Fetched Results For lenovo (tablets) : 214/214 
2025-05-18 21:03:35,250 - INFO - Fetched lenovo (tablets) Successfully
2025-05-18 21:03:36,970 - INFO - Loaded The apple Page (tablets)
2025-05-18 21:05:55,940 - WARNING - Fetched Results For apple (tablets) : 280/280 
2025-05-18 21:05:55,982 - INFO - Fetched apple (tablets) Successfully
2025-05-18 21:05:57,869 - INFO - Loaded The oneplus Page (tablets)
2025-05-18 21:06:05,392 - WARNING - Fetched Results For oneplus (tablets) : 12/12 
2025-05-18 21:06:05,401 - INFO - Fetched oneplus (tablets) Successfully
2025-05-18 21:06:07,065 - INFO - Loaded The motorola Page (tablets)
2025-05-18 21:06:16,385 - WARNING - Fetched Results For motorola (tablets) : 12/12 
2025-05-18 21:06:16,394 - INFO - Fetched motorola (tablets) Successfully
2025-05-18 21:06:18,162 - INFO - Loaded The realme Page (tablets)
2025-05-18 21:06:35,781 - WARNING - Fetched Results For realme (tablets) : 21/21 
2025-05-18 21:06:35,792 - INFO - Fetched realme (tablets) Successfully
2025-05-18 21:06:37,581 - INFO - Loaded The huawei Page (tablets)
2025-05-18 21:07:09,839 - WARNING - Fetched Results For huawei (tablets) : 69/69 
2025-05-18 21:07:09,856 - INFO - Fetched huawei (tablets) Successfully
2025-05-18 21:07:11,579 - INFO - Loaded The oppo Page (tablets)
2025-05-18 21:07:19,077 - WARNING - Fetched Results For oppo (tablets) : 12/12 
2025-05-18 21:07:19,085 - INFO - Fetched oppo (tablets) Successfully
2025-05-18 21:07:20,863 - INFO - Loaded The acer Page (tablets)
2025-05-18 21:07:45,273 - WARNING - Fetched Results For acer (tablets) : 44/44 
2025-05-18 21:07:45,287 - INFO - Fetched acer (tablets) Successfully
2025-05-18 21:07:48,042 - INFO - Loaded The honor Page (tablets)
2025-05-18 21:08:04,439 - WARNING - Fetched Results For honor (tablets) : 35/35 
2025-05-18 21:08:04,451 - INFO - Fetched honor (tablets) Successfully
2025-05-18 21:08:06,231 - INFO - Loaded The vivo Page (tablets)
2025-05-18 21:08:13,174 - WARNING - Fetched Results For vivo (tablets) : 8/8 
2025-05-18 21:08:13,182 - INFO - Fetched vivo (tablets) Successfully
2025-05-18 21:08:14,880 - INFO - Loaded The domo Page (tablets)
2025-05-18 21:08:41,983 - WARNING - Fetched Results For domo (tablets) : 46/46 
2025-05-18 21:08:41,996 - INFO - Fetched domo (tablets) Successfully
2025-05-18 21:08:43,835 - INFO - Loaded The poco Page (tablets)
2025-05-18 21:08:52,515 - WARNING - Fetched Results For poco (tablets) : 4/4 
2025-05-18 21:08:52,522 - INFO - Fetched poco (tablets) Successfully
2025-05-18 21:08:54,294 - INFO - Loaded The ikall Page (tablets)
2025-05-18 21:09:37,918 - WARNING - Fetched Results For ikall (tablets) : 81/81 
2025-05-18 21:09:37,935 - INFO - Fetched ikall (tablets) Successfully
2025-05-18 21:09:39,866 - INFO - Loaded The doogee Page (tablets)
2025-05-18 21:09:48,983 - WARNING - Fetched Results For doogee (tablets) : 15/15 
2025-05-18 21:09:48,994 - INFO - Fetched doogee (tablets) Successfully
2025-05-18 21:09:52,175 - INFO - Loaded The infinix Page (tablets)
2025-05-18 21:09:59,410 - WARNING - Fetched Results For infinix (tablets) : 3/3 
2025-05-18 21:09:59,418 - INFO - Fetched infinix (tablets) Successfully
2025-05-18 21:10:01,085 - INFO - Loaded The iqoo Page (tablets)
2025-05-18 21:10:10,806 - WARNING - Fetched Results For iqoo (tablets) : 6/6 
2025-05-18 21:10:10,814 - INFO - Fetched iqoo (tablets) Successfully
2025-05-18 21:10:12,867 - INFO - Loaded The nokia Page (tablets)
2025-05-18 21:10:21,615 - WARNING - Fetched Results For nokia (tablets) : 11/11 
2025-05-18 21:10:21,624 - INFO - Fetched nokia (tablets) Successfully
2025-05-18 21:10:23,354 - INFO - Loaded The redmagic Page (tablets)
2025-05-18 21:10:30,842 - WARNING - Fetched Results For redmagic (tablets) : 1/1 
2025-05-18 21:10:30,849 - INFO - Fetched redmagic (tablets) Successfully
2025-05-18 21:10:32,558 - INFO - Loaded The asus Page (tablets)
2025-05-18 21:11:00,079 - WARNING - Fetched Results For asus (tablets) : 47/47 
2025-05-18 21:11:00,093 - INFO - Fetched asus (tablets) Successfully
2025-05-18 21:11:01,948 - INFO - Loaded The dell Page (tablets)
2025-05-18 21:11:18,770 - WARNING - Fetched Results For dell (tablets) : 21/21 
2025-05-18 21:11:18,780 - INFO - Fetched dell (tablets) Successfully
2025-05-18 21:11:20,479 - INFO - Loaded The google Page (tablets)
2025-05-18 21:11:29,336 - WARNING - Fetched Results For google (tablets) : 6/6 
2025-05-18 21:11:29,344 - INFO - Fetched google (tablets) Successfully
2025-05-18 21:11:31,175 - INFO - Loaded The amazon Page (tablets)
2025-05-18 21:11:45,962 - WARNING - Fetched Results For amazon (tablets) : 36/36 
2025-05-18 21:11:45,974 - INFO - Fetched amazon (tablets) Successfully
2025-05-18 21:11:47,597 - INFO - Loaded The croma Page (tablets)
2025-05-18 21:11:56,749 - WARNING - Fetched Results For croma (tablets) : 6/6 
2025-05-18 21:11:56,757 - INFO - Fetched croma (tablets) Successfully
2025-05-18 21:11:58,419 - INFO - Loaded The itel Page (tablets)
2025-05-18 21:12:06,051 - WARNING - Fetched Results For itel (tablets) : 3/3 
2025-05-18 21:12:06,059 - INFO - Fetched itel (tablets) Successfully
2025-05-18 21:12:07,980 - INFO - Loaded The teclast Page (tablets)
2025-05-18 21:12:15,125 - WARNING - Fetched Results For teclast (tablets) : 16/16 
2025-05-18 21:12:15,136 - INFO - Fetched teclast (tablets) Successfully
2025-05-18 21:12:16,856 - INFO - Loaded The blackview Page (tablets)
2025-05-18 21:12:25,512 - WARNING - Fetched Results For blackview (tablets) : 8/8 
2025-05-18 21:12:25,521 - INFO - Fetched blackview (tablets) Successfully
2025-05-18 21:12:27,363 - INFO - Loaded The bsnl_penta Page (tablets)
2025-05-18 21:12:44,645 - WARNING - Fetched Results For bsnl_penta (tablets) : 23/23 
2025-05-18 21:12:44,656 - INFO - Fetched bsnl_penta (tablets) Successfully
2025-05-18 21:12:46,470 - INFO - Loaded The iball Page (tablets)
2025-05-18 21:13:42,810 - WARNING - Fetched Results For iball (tablets) : 115/115 
2025-05-18 21:13:42,832 - INFO - Fetched iball (tablets) Successfully
2025-05-18 21:13:44,553 - INFO - Loaded The micromax Page (tablets)
2025-05-18 21:14:02,624 - WARNING - Fetched Results For micromax (tablets) : 38/38 
2025-05-18 21:14:02,637 - INFO - Fetched micromax (tablets) Successfully
2025-05-18 21:14:04,385 - INFO - Loaded The sony Page (tablets)
2025-05-18 21:14:13,115 - WARNING - Fetched Results For sony (tablets) : 9/9 
2025-05-18 21:14:13,123 - INFO - Fetched sony (tablets) Successfully
2025-05-18 21:14:14,824 - INFO - Loaded The swipe Page (tablets)
2025-05-18 21:14:43,972 - WARNING - Fetched Results For swipe (tablets) : 54/54 
2025-05-18 21:14:43,986 - INFO - Fetched swipe (tablets) Successfully
2025-05-18 21:14:45,859 - INFO - Loaded The tcl Page (tablets)
2025-05-18 21:14:53,774 - WARNING - Fetched Results For tcl (tablets) : 19/19 
2025-05-18 21:14:53,784 - INFO - Fetched tcl (tablets) Successfully
2025-05-18 21:14:55,574 - INFO - Loaded The nothing Page (tablets)
2025-05-18 21:15:03,064 - WARNING - Fetched Results For nothing (tablets) : 1/1 
2025-05-18 21:15:03,071 - INFO - Fetched nothing (tablets) Successfully
2025-05-18 21:15:04,697 - INFO - Loaded The nubia Page (tablets)
2025-05-18 21:15:12,680 - WARNING - Fetched Results For nubia (tablets) : 3/3 
2025-05-18 21:15:12,688 - INFO - Fetched nubia (tablets) Successfully
2025-05-18 21:15:14,417 - INFO - Loaded The wishtel Page (tablets)
2025-05-18 21:15:29,586 - WARNING - Fetched Results For wishtel (tablets) : 28/28 
2025-05-18 21:15:29,598 - INFO - Fetched wishtel (tablets) Successfully
2025-05-18 21:15:31,392 - INFO - Loaded The boox Page (tablets)
2025-05-18 21:15:40,341 - WARNING - Fetched Results For boox (tablets) : 4/4 
2025-05-18 21:15:40,349 - INFO - Fetched boox (tablets) Successfully
2025-05-18 21:15:42,170 - INFO - Loaded The chuwi Page (tablets)
2025-05-18 21:15:50,788 - WARNING - Fetched Results For chuwi (tablets) : 2/2 
2025-05-18 21:15:50,796 - INFO - Fetched chuwi (tablets) Successfully
2025-05-18 21:15:52,591 - INFO - Loaded The cube Page (tablets)
2025-05-18 21:15:59,856 - WARNING - Fetched Results For cube (tablets) : 1/1 
2025-05-18 21:15:59,863 - INFO - Fetched cube (tablets) Successfully
2025-05-18 21:16:01,595 - INFO - Loaded The cubot Page (tablets)
2025-05-18 21:16:08,827 - WARNING - Fetched Results For cubot (tablets) : 3/3 
2025-05-18 21:16:08,835 - INFO - Fetched cubot (tablets) Successfully
2025-05-18 21:16:10,513 - INFO - Loaded The digiflip_pro Page (tablets)
2025-05-18 21:16:18,212 - WARNING - Fetched Results For digiflip_pro (tablets) : 6/6 
2025-05-18 21:16:18,220 - INFO - Fetched digiflip_pro (tablets) Successfully
2025-05-18 21:16:19,932 - INFO - Loaded The gionee Page (tablets)
2025-05-18 21:16:28,878 - WARNING - Fetched Results For gionee (tablets) : 1/1 
2025-05-18 21:16:28,885 - INFO - Fetched gionee (tablets) Successfully
2025-05-18 21:16:30,669 - INFO - Loaded The hcl Page (tablets)
2025-05-18 21:16:46,515 - WARNING - Fetched Results For hcl (tablets) : 22/22 
2025-05-18 21:16:46,526 - INFO - Fetched hcl (tablets) Successfully
2025-05-18 21:16:48,245 - INFO - Loaded The hmd Page (tablets)
2025-05-18 21:16:57,175 - WARNING - Fetched Results For hmd (tablets) : 2/2 
2025-05-18 21:16:57,182 - INFO - Fetched hmd (tablets) Successfully
2025-05-18 21:16:58,948 - INFO - Loaded The hp Page (tablets)
2025-05-18 21:17:16,974 - WARNING - Fetched Results For hp (tablets) : 23/23 
2025-05-18 21:17:16,985 - INFO - Fetched hp (tablets) Successfully
2025-05-18 21:17:18,860 - INFO - Loaded The htc Page (tablets)
2025-05-18 21:17:27,146 - WARNING - Fetched Results For htc (tablets) : 9/9 
2025-05-18 21:17:27,154 - INFO - Fetched htc (tablets) Successfully
2025-05-18 21:17:28,895 - INFO - Loaded The jio Page (tablets)
2025-05-18 21:17:37,603 - WARNING - Fetched Results For jio (tablets) : 1/1 
2025-05-18 21:17:37,611 - INFO - Fetched jio (tablets) Successfully
2025-05-18 21:17:39,398 - INFO - Loaded The lava Page (tablets)
2025-05-18 21:17:55,487 - WARNING - Fetched Results For lava (tablets) : 30/30 
2025-05-18 21:17:55,499 - INFO - Fetched lava (tablets) Successfully
2025-05-18 21:17:57,179 - INFO - Loaded The lg Page (tablets)
2025-05-18 21:18:04,840 - WARNING - Fetched Results For lg (tablets) : 8/8 
2025-05-18 21:18:04,848 - INFO - Fetched lg (tablets) Successfully
2025-05-18 21:18:05,099 - INFO - Fetched tablets Successfully
2025-05-18 21:18:05,099 - INFO - Fetched mobiles Successfully
2025-05-18 21:18:06,598 - INFO - Loaded The hp Page (laptops)
2025-05-18 21:25:33,018 - ERROR - Failed To Fetch The hp HTML Page (laptops)
2025-05-18 21:25:33,018 - WARNING - Added hp (laptops) To Failed Cases.
2025-05-18 21:25:34,799 - INFO - Loaded The lenovo Page (laptops)
2025-05-18 21:33:19,159 - ERROR - Failed To Fetch The lenovo HTML Page (laptops)
2025-05-18 21:33:19,159 - WARNING - Added lenovo (laptops) To Failed Cases.
2025-05-18 21:33:20,909 - INFO - Loaded The asus Page (laptops)
2025-05-18 21:41:01,617 - ERROR - Failed To Fetch The asus HTML Page (laptops)
2025-05-18 21:41:01,617 - WARNING - Added asus (laptops) To Failed Cases.
2025-05-18 21:41:03,526 - INFO - Loaded The acer Page (laptops)
2025-05-18 21:48:44,695 - ERROR - Failed To Fetch The acer HTML Page (laptops)
2025-05-18 21:48:44,695 - WARNING - Added acer (laptops) To Failed Cases.
2025-05-18 21:48:46,603 - INFO - Loaded The dell Page (laptops)
2025-05-18 21:56:29,989 - ERROR - Failed To Fetch The dell HTML Page (laptops)
2025-05-18 21:56:29,989 - WARNING - Added dell (laptops) To Failed Cases.
2025-05-18 21:56:31,649 - INFO - Loaded The huawei Page (laptops)
2025-05-18 21:56:49,088 - WARNING - Fetched Results For huawei (laptops) : 35/35 
2025-05-18 21:56:49,101 - INFO - Fetched huawei (laptops) Successfully
2025-05-18 21:56:49,357 - INFO - Fetched laptops Successfully
2025-05-18 21:56:49,358 - INFO - Fetched tablets Successfully
2025-05-18 21:56:49,358 - INFO - Fetched mobiles Successfully
2025-05-18 21:56:50,851 - INFO - Loaded The hp Page (laptops)
2025-05-18 22:04:28,101 - ERROR - Failed To Fetch The hp HTML Page (laptops)
2025-05-18 22:04:28,102 - WARNING - Added hp (laptops) To Failed Cases.
2025-05-18 22:04:30,065 - INFO - Loaded The lenovo Page (laptops)
2025-05-18 22:12:04,986 - ERROR - Failed To Fetch The lenovo HTML Page (laptops)
2025-05-18 22:12:04,986 - WARNING - Added lenovo (laptops) To Failed Cases.
2025-05-18 22:12:06,729 - INFO - Loaded The asus Page (laptops)
2025-05-18 22:19:49,938 - ERROR - Failed To Fetch The asus HTML Page (laptops)
2025-05-18 22:19:49,938 - WARNING - Added asus (laptops) To Failed Cases.
2025-05-18 22:19:51,802 - INFO - Loaded The acer Page (laptops)
2025-05-18 22:27:38,414 - ERROR - Failed To Fetch The acer HTML Page (laptops)
2025-05-18 22:27:38,415 - WARNING - Added acer (laptops) To Failed Cases.
2025-05-18 22:27:40,336 - INFO - Loaded The dell Page (laptops)
2025-05-18 22:35:28,088 - ERROR - Failed To Fetch The dell HTML Page (laptops)
2025-05-18 22:35:28,089 - WARNING - Added dell (laptops) To Failed Cases.
2025-05-18 22:35:28,377 - INFO - Fetched laptops Successfully
2025-05-18 22:35:28,377 - INFO - Fetched tablets Successfully
2025-05-18 22:35:28,377 - INFO - Fetched mobiles Successfully
2025-05-18 22:35:29,827 - INFO - Loaded The hp Page (laptops)
2025-05-18 22:43:16,265 - ERROR - Failed To Fetch The hp HTML Page (laptops)
2025-05-18 22:43:16,266 - WARNING - Added hp (laptops) To Failed Cases.
2025-05-18 22:43:18,087 - INFO - Loaded The lenovo Page (laptops)
2025-05-18 22:51:03,105 - ERROR - Failed To Fetch The lenovo HTML Page (laptops)
2025-05-18 22:51:03,105 - WARNING - Added lenovo (laptops) To Failed Cases.
2025-05-18 22:51:04,804 - INFO - Loaded The asus Page (laptops)
2025-05-18 22:58:51,496 - ERROR - Failed To Fetch The asus HTML Page (laptops)
2025-05-18 22:58:51,496 - WARNING - Added asus (laptops) To Failed Cases.
2025-05-18 22:58:53,226 - INFO - Loaded The acer Page (laptops)
2025-05-18 23:06:28,542 - ERROR - Failed To Fetch The acer HTML Page (laptops)
2025-05-18 23:06:28,542 - WARNING - Added acer (laptops) To Failed Cases.
2025-05-18 23:06:31,098 - INFO - Loaded The dell Page (laptops)
2025-05-18 23:14:10,991 - ERROR - Failed To Fetch The dell HTML Page (laptops)
2025-05-18 23:14:10,991 - WARNING - Added dell (laptops) To Failed Cases.
2025-05-18 23:14:11,276 - INFO - Fetched laptops Successfully
2025-05-18 23:14:11,276 - INFO - Fetched tablets Successfully
2025-05-18 23:14:11,276 - INFO - Fetched mobiles Successfully
2025-05-18 23:14:12,992 - INFO - Loaded The hp Page (laptops)
